Using pre-set license
Built from '2020.3/staging' branch; Version is '2020.3.9f1 (108be757e447) revision 1084391'; Using compiler version '192528614'; Build Type 'Release'
OS: 'Windows 10 Home; OS build 19041.1052; Version 2004; 64bit' Language: 'en' Physical Memory: 24524 MB
BatchMode: 1, IsHumanControllingUs: 0, StartBugReporterOnCrash: 0, Is64bit: 1, IsPro: 0

 COMMAND LINE ARGUMENTS:
C:\Users\Lasko\Desktop\Unity\2020.3.9f1\Editor\Unity.exe
-adb2
-batchMode
-noUpm
-name
AssetImportWorker0
-projectPath
C:/Users/Lasko/Documents/GitHub/Project-Boost/Project Boost
-logFile
Logs/AssetImportWorker0.log
-srvPort
50215
Successfully changed project path to: C:/Users/Lasko/Documents/GitHub/Project-Boost/Project Boost
C:/Users/Lasko/Documents/GitHub/Project-Boost/Project Boost
Using Asset Import Pipeline V2.
Refreshing native plugins compatible for Editor in 21.24 ms, found 0 plugins.
Preloading 0 native plugins for Editor in 0.00 ms.
Initialize engine version: 2020.3.9f1 (108be757e447)
[Subsystems] Discovering subsystems at path C:/Users/Lasko/Desktop/Unity/2020.3.9f1/Editor/Data/Resources/UnitySubsystems
[Subsystems] Discovering subsystems at path C:/Users/Lasko/Documents/GitHub/Project-Boost/Project Boost/Assets
GfxDevice: creating device client; threaded=0
Direct3D:
    Version:  Direct3D 11.0 [level 11.1]
    Renderer: AMD Radeon (TM) R9 380 Series (ID=0x6939)
    Vendor:   
    VRAM:     4071 MB
    Driver:   27.20.1034.6
Initialize mono
Mono path[0] = 'C:/Users/Lasko/Desktop/Unity/2020.3.9f1/Editor/Data/Managed'
Mono path[1] = 'C:/Users/Lasko/Desktop/Unity/2020.3.9f1/Editor/Data/MonoBleedingEdge/lib/mono/unityjit'
Mono config path = 'C:/Users/Lasko/Desktop/Unity/2020.3.9f1/Editor/Data/MonoBleedingEdge/etc'
Using monoOptions --debugger-agent=transport=dt_socket,embedding=1,server=y,suspend=n,address=127.0.0.1:56860
Begin MonoManager ReloadAssembly
Registering precompiled unity dll's ...
Register platform support module: C:/Users/Lasko/Desktop/Unity/2020.3.9f1/Editor/Data/PlaybackEngines/WebGLSupport/UnityEditor.WebGL.Extensions.dll
Register platform support module: C:/Users/Lasko/Desktop/Unity/2020.3.9f1/Editor/Data/PlaybackEngines/WindowsStandaloneSupport/UnityEditor.WindowsStandalone.Extensions.dll
Registered in 0.003088 seconds.
Native extension for WindowsStandalone target not found
Native extension for WebGL target not found
Refreshing native plugins compatible for Editor in 21.65 ms, found 0 plugins.
Preloading 0 native plugins for Editor in 0.00 ms.
Mono: successfully reloaded assembly
- Completed reload, in  1.181 seconds
Platform modules already initialized, skipping
Registering precompiled user dll's ...
Registered in 0.000691 seconds.
Begin MonoManager ReloadAssembly
Native extension for WindowsStandalone target not found
Native extension for WebGL target not found
Refreshing native plugins compatible for Editor in 0.26 ms, found 0 plugins.
Preloading 0 native plugins for Editor in 0.00 ms.
Mono: successfully reloaded assembly
- Completed reload, in  1.001 seconds
Platform modules already initialized, skipping
========================================================================
Worker process is ready to serve import requests
Launched and connected shader compiler UnityShaderCompiler.exe after 0.05 seconds
Refreshing native plugins compatible for Editor in 0.24 ms, found 0 plugins.
Preloading 0 native plugins for Editor in 0.00 ms.
Unloading 1117 Unused Serialized files (Serialized files now loaded: 0)
System memory in use before: 57.3 MB.
System memory in use after: 57.3 MB.

Unloading 10 unused Assets to reduce memory usage. Loaded Objects now: 1559.
Total: 1.933600 ms (FindLiveObjects: 0.166900 ms CreateObjectMapping: 0.072700 ms MarkObjects: 1.616500 ms  DeleteObjects: 0.076400 ms)

========================================================================
Received Import Request.
  path: Assets/Prefabs/Rocket.prefab
  artifactKey: Guid(90e2287c684b6fc48b56747cfc3fdf5e) Importer(815301076,1909f56bfc062723c751e8b465ee728b)
Start importing Assets/Prefabs/Rocket.prefab using Guid(90e2287c684b6fc48b56747cfc3fdf5e) Importer(815301076,1909f56bfc062723c751e8b465ee728b)  -> (artifact id: '2448149e66659dfcf885fc4cd54b5d6d') in 0.152777 seconds
  Import took 0.155479 seconds .

========================================================================
Received Import Request.
  Time since last request: 8.715911 seconds.
  path: Assets/Prefabs/Rocket.prefab
  artifactKey: Guid(90e2287c684b6fc48b56747cfc3fdf5e) Importer(815301076,1909f56bfc062723c751e8b465ee728b)
Start importing Assets/Prefabs/Rocket.prefab using Guid(90e2287c684b6fc48b56747cfc3fdf5e) Importer(815301076,1909f56bfc062723c751e8b465ee728b)  -> (artifact id: '60ba4991117e0f7ab6539773f6f667ad') in 0.021415 seconds
  Import took 0.024137 seconds .

========================================================================
Received Import Request.
  Time since last request: 7.641332 seconds.
  path: Assets/Prefabs/Rocket.prefab
  artifactKey: Guid(90e2287c684b6fc48b56747cfc3fdf5e) Importer(815301076,1909f56bfc062723c751e8b465ee728b)
Start importing Assets/Prefabs/Rocket.prefab using Guid(90e2287c684b6fc48b56747cfc3fdf5e) Importer(815301076,1909f56bfc062723c751e8b465ee728b)  -> (artifact id: 'bb6de3375dee92b9d5c0d1d82743b70c') in 0.022132 seconds
  Import took 0.024552 seconds .

========================================================================
Received Import Request.
  Time since last request: 3.444998 seconds.
  path: Assets/Prefabs/Rocket.prefab
  artifactKey: Guid(90e2287c684b6fc48b56747cfc3fdf5e) Importer(815301076,1909f56bfc062723c751e8b465ee728b)
Start importing Assets/Prefabs/Rocket.prefab using Guid(90e2287c684b6fc48b56747cfc3fdf5e) Importer(815301076,1909f56bfc062723c751e8b465ee728b)  -> (artifact id: '36d21e01abf60d82234fe72f27add591') in 0.017758 seconds
  Import took 0.020087 seconds .

========================================================================
Received Import Request.
  Time since last request: 3.204124 seconds.
  path: Assets/Prefabs/Rocket.prefab
  artifactKey: Guid(90e2287c684b6fc48b56747cfc3fdf5e) Importer(815301076,1909f56bfc062723c751e8b465ee728b)
Start importing Assets/Prefabs/Rocket.prefab using Guid(90e2287c684b6fc48b56747cfc3fdf5e) Importer(815301076,1909f56bfc062723c751e8b465ee728b)  -> (artifact id: '0fd1398ae887c294300cd41cdc2fbe74') in 0.017620 seconds
  Import took 0.019707 seconds .

========================================================================
Received Import Request.
  Time since last request: 9.707502 seconds.
  path: Assets/Prefabs/Rocket.prefab
  artifactKey: Guid(90e2287c684b6fc48b56747cfc3fdf5e) Importer(815301076,1909f56bfc062723c751e8b465ee728b)
Start importing Assets/Prefabs/Rocket.prefab using Guid(90e2287c684b6fc48b56747cfc3fdf5e) Importer(815301076,1909f56bfc062723c751e8b465ee728b)  -> (artifact id: '3c3e0a84f4b7fee552d52a02bfec8328') in 0.025469 seconds
  Import took 0.028178 seconds .

========================================================================
Received Import Request.
  Time since last request: 23.033772 seconds.
  path: Assets/Prefabs/Rocket.prefab
  artifactKey: Guid(90e2287c684b6fc48b56747cfc3fdf5e) Importer(815301076,1909f56bfc062723c751e8b465ee728b)
Start importing Assets/Prefabs/Rocket.prefab using Guid(90e2287c684b6fc48b56747cfc3fdf5e) Importer(815301076,1909f56bfc062723c751e8b465ee728b)  -> (artifact id: 'b8e9204e97775d969ea519f9357c8175') in 0.018949 seconds
  Import took 0.021644 seconds .

========================================================================
Received Import Request.
  Time since last request: 10.145646 seconds.
  path: Assets/Prefabs/Rocket.prefab
  artifactKey: Guid(90e2287c684b6fc48b56747cfc3fdf5e) Importer(815301076,1909f56bfc062723c751e8b465ee728b)
Start importing Assets/Prefabs/Rocket.prefab using Guid(90e2287c684b6fc48b56747cfc3fdf5e) Importer(815301076,1909f56bfc062723c751e8b465ee728b)  -> (artifact id: '549771c659192135b2ee0b0c23fd7940') in 0.018802 seconds
  Import took 0.021275 seconds .

========================================================================
Received Import Request.
  Time since last request: 6.254828 seconds.
  path: Assets/Prefabs/Rocket.prefab
  artifactKey: Guid(90e2287c684b6fc48b56747cfc3fdf5e) Importer(815301076,1909f56bfc062723c751e8b465ee728b)
Start importing Assets/Prefabs/Rocket.prefab using Guid(90e2287c684b6fc48b56747cfc3fdf5e) Importer(815301076,1909f56bfc062723c751e8b465ee728b)  -> (artifact id: '14a8dba4081ef43acf6f814b83128ba5') in 0.018005 seconds
  Import took 0.020804 seconds .

========================================================================
Received Import Request.
  Time since last request: 0.367221 seconds.
  path: Assets/Prefabs/Rocket.prefab
  artifactKey: Guid(90e2287c684b6fc48b56747cfc3fdf5e) Importer(815301076,1909f56bfc062723c751e8b465ee728b)
Start importing Assets/Prefabs/Rocket.prefab using Guid(90e2287c684b6fc48b56747cfc3fdf5e) Importer(815301076,1909f56bfc062723c751e8b465ee728b)  -> (artifact id: 'ded12f995820ba4cfddb77abbce88532') in 0.020323 seconds
  Import took 0.022838 seconds .

========================================================================
Received Import Request.
  Time since last request: 6.091428 seconds.
  path: Assets/Prefabs/Rocket.prefab
  artifactKey: Guid(90e2287c684b6fc48b56747cfc3fdf5e) Importer(815301076,1909f56bfc062723c751e8b465ee728b)
Start importing Assets/Prefabs/Rocket.prefab using Guid(90e2287c684b6fc48b56747cfc3fdf5e) Importer(815301076,1909f56bfc062723c751e8b465ee728b)  -> (artifact id: 'f405f71cea76b2d57c8bed3421436e23') in 0.014869 seconds
  Import took 0.018102 seconds .

========================================================================
Received Import Request.
  Time since last request: 17.378160 seconds.
  path: Assets/Prefabs/Rocket.prefab
  artifactKey: Guid(90e2287c684b6fc48b56747cfc3fdf5e) Importer(815301076,1909f56bfc062723c751e8b465ee728b)
Start importing Assets/Prefabs/Rocket.prefab using Guid(90e2287c684b6fc48b56747cfc3fdf5e) Importer(815301076,1909f56bfc062723c751e8b465ee728b)  -> (artifact id: 'b908b7d5a9dcd4bda1f05c55fe6fdb5f') in 0.017407 seconds
  Import took 0.019566 seconds .

========================================================================
Received Import Request.
  Time since last request: 8.255493 seconds.
  path: Assets/Prefabs/Rocket.prefab
  artifactKey: Guid(90e2287c684b6fc48b56747cfc3fdf5e) Importer(815301076,1909f56bfc062723c751e8b465ee728b)
Start importing Assets/Prefabs/Rocket.prefab using Guid(90e2287c684b6fc48b56747cfc3fdf5e) Importer(815301076,1909f56bfc062723c751e8b465ee728b)  -> (artifact id: 'cd42c3a4a16e853e977a447c87025ec6') in 0.019735 seconds
  Import took 0.022509 seconds .

========================================================================
Received Import Request.
  Time since last request: 10.038246 seconds.
  path: Assets/Prefabs/Rocket.prefab
  artifactKey: Guid(90e2287c684b6fc48b56747cfc3fdf5e) Importer(815301076,1909f56bfc062723c751e8b465ee728b)
Start importing Assets/Prefabs/Rocket.prefab using Guid(90e2287c684b6fc48b56747cfc3fdf5e) Importer(815301076,1909f56bfc062723c751e8b465ee728b)  -> (artifact id: '732e746190bf37b5d5664f237c4733ea') in 0.018695 seconds
  Import took 0.021229 seconds .

========================================================================
Received Import Request.
  Time since last request: 18.587460 seconds.
  path: Assets/Prefabs/Rocket.prefab
  artifactKey: Guid(90e2287c684b6fc48b56747cfc3fdf5e) Importer(815301076,1909f56bfc062723c751e8b465ee728b)
Start importing Assets/Prefabs/Rocket.prefab using Guid(90e2287c684b6fc48b56747cfc3fdf5e) Importer(815301076,1909f56bfc062723c751e8b465ee728b)  -> (artifact id: 'aad467d5e8b1bcf048f515c70464a56b') in 0.022054 seconds
  Import took 0.024421 seconds .

========================================================================
Received Import Request.
  Time since last request: 2.395779 seconds.
  path: Assets/Prefabs/Rocket.prefab
  artifactKey: Guid(90e2287c684b6fc48b56747cfc3fdf5e) Importer(815301076,1909f56bfc062723c751e8b465ee728b)
Start importing Assets/Prefabs/Rocket.prefab using Guid(90e2287c684b6fc48b56747cfc3fdf5e) Importer(815301076,1909f56bfc062723c751e8b465ee728b)  -> (artifact id: '1a2560bd187a0375865b3de4e66d5966') in 0.019044 seconds
  Import took 0.021626 seconds .

========================================================================
Received Import Request.
  Time since last request: 1.841479 seconds.
  path: Assets/Prefabs/Rocket.prefab
  artifactKey: Guid(90e2287c684b6fc48b56747cfc3fdf5e) Importer(815301076,1909f56bfc062723c751e8b465ee728b)
Start importing Assets/Prefabs/Rocket.prefab using Guid(90e2287c684b6fc48b56747cfc3fdf5e) Importer(815301076,1909f56bfc062723c751e8b465ee728b)  -> (artifact id: '07ea2175b2ceccb34dbe208d27f692bc') in 0.015483 seconds
  Import took 0.018346 seconds .

========================================================================
Received Import Request.
  Time since last request: 1.974029 seconds.
  path: Assets/Prefabs/Rocket.prefab
  artifactKey: Guid(90e2287c684b6fc48b56747cfc3fdf5e) Importer(815301076,1909f56bfc062723c751e8b465ee728b)
Start importing Assets/Prefabs/Rocket.prefab using Guid(90e2287c684b6fc48b56747cfc3fdf5e) Importer(815301076,1909f56bfc062723c751e8b465ee728b)  -> (artifact id: '69678174581ab4b1d0ae37b16058288b') in 0.021499 seconds
  Import took 0.024614 seconds .

========================================================================
Received Import Request.
  Time since last request: 1.788054 seconds.
  path: Assets/Prefabs/Rocket.prefab
  artifactKey: Guid(90e2287c684b6fc48b56747cfc3fdf5e) Importer(815301076,1909f56bfc062723c751e8b465ee728b)
Start importing Assets/Prefabs/Rocket.prefab using Guid(90e2287c684b6fc48b56747cfc3fdf5e) Importer(815301076,1909f56bfc062723c751e8b465ee728b)  -> (artifact id: 'c31d1734ad7d5c7bb5681ccfacc0fa4e') in 0.017024 seconds
  Import took 0.019614 seconds .

========================================================================
Received Import Request.
  Time since last request: 32.676852 seconds.
  path: Assets/Prefabs/Rocket.prefab
  artifactKey: Guid(90e2287c684b6fc48b56747cfc3fdf5e) Importer(815301076,1909f56bfc062723c751e8b465ee728b)
Start importing Assets/Prefabs/Rocket.prefab using Guid(90e2287c684b6fc48b56747cfc3fdf5e) Importer(815301076,1909f56bfc062723c751e8b465ee728b)  -> (artifact id: 'ad3505b0f594e5a89b77c87df3e2c365') in 0.014617 seconds
  Import took 0.017438 seconds .

========================================================================
Received Import Request.
  Time since last request: 26.445982 seconds.
  path: Assets/Prefabs/Rocket.prefab
  artifactKey: Guid(90e2287c684b6fc48b56747cfc3fdf5e) Importer(815301076,1909f56bfc062723c751e8b465ee728b)
Start importing Assets/Prefabs/Rocket.prefab using Guid(90e2287c684b6fc48b56747cfc3fdf5e) Importer(815301076,1909f56bfc062723c751e8b465ee728b)  -> (artifact id: 'c2a9675e16c8a4dabe4bfed48d9f4acf') in 0.019151 seconds
  Import took 0.021270 seconds .

========================================================================
Received Import Request.
  Time since last request: 18.620636 seconds.
  path: Assets/Prefabs/Rocket.prefab
  artifactKey: Guid(90e2287c684b6fc48b56747cfc3fdf5e) Importer(815301076,1909f56bfc062723c751e8b465ee728b)
Start importing Assets/Prefabs/Rocket.prefab using Guid(90e2287c684b6fc48b56747cfc3fdf5e) Importer(815301076,1909f56bfc062723c751e8b465ee728b)  -> (artifact id: '7e2538bb4f5f573cb51b35584d80c040') in 0.014257 seconds
  Import took 0.017042 seconds .

========================================================================
Received Import Request.
  Time since last request: 6.270617 seconds.
  path: Assets/Prefabs/Rocket.prefab
  artifactKey: Guid(90e2287c684b6fc48b56747cfc3fdf5e) Importer(815301076,1909f56bfc062723c751e8b465ee728b)
Start importing Assets/Prefabs/Rocket.prefab using Guid(90e2287c684b6fc48b56747cfc3fdf5e) Importer(815301076,1909f56bfc062723c751e8b465ee728b)  -> (artifact id: '936010ce1963d2d1edbc98d868f7845b') in 0.014420 seconds
  Import took 0.017483 seconds .

========================================================================
Received Import Request.
  Time since last request: 4.192570 seconds.
  path: Assets/Prefabs/Rocket.prefab
  artifactKey: Guid(90e2287c684b6fc48b56747cfc3fdf5e) Importer(815301076,1909f56bfc062723c751e8b465ee728b)
Start importing Assets/Prefabs/Rocket.prefab using Guid(90e2287c684b6fc48b56747cfc3fdf5e) Importer(815301076,1909f56bfc062723c751e8b465ee728b)  -> (artifact id: 'a0599dd2c73a97a0d0473bc3f1cc3ab7') in 0.015734 seconds
  Import took 0.017924 seconds .

========================================================================
Received Import Request.
  Time since last request: 9.686623 seconds.
  path: Assets/Prefabs/Rocket.prefab
  artifactKey: Guid(90e2287c684b6fc48b56747cfc3fdf5e) Importer(815301076,1909f56bfc062723c751e8b465ee728b)
Start importing Assets/Prefabs/Rocket.prefab using Guid(90e2287c684b6fc48b56747cfc3fdf5e) Importer(815301076,1909f56bfc062723c751e8b465ee728b)  -> (artifact id: 'faceed768f278ee01ed1e91c3401b881') in 0.019508 seconds
  Import took 0.022817 seconds .

========================================================================
Received Import Request.
  Time since last request: 53.687336 seconds.
  path: Assets/Prefabs/Rocket.prefab
  artifactKey: Guid(90e2287c684b6fc48b56747cfc3fdf5e) Importer(815301076,1909f56bfc062723c751e8b465ee728b)
Start importing Assets/Prefabs/Rocket.prefab using Guid(90e2287c684b6fc48b56747cfc3fdf5e) Importer(815301076,1909f56bfc062723c751e8b465ee728b)  -> (artifact id: 'c372330352a7e9ae75a9271892564af0') in 0.012947 seconds
  Import took 0.015491 seconds .

========================================================================
Received Import Request.
  Time since last request: 69.499349 seconds.
  path: Assets/Prefabs/Rocket.prefab
  artifactKey: Guid(90e2287c684b6fc48b56747cfc3fdf5e) Importer(815301076,1909f56bfc062723c751e8b465ee728b)
Start importing Assets/Prefabs/Rocket.prefab using Guid(90e2287c684b6fc48b56747cfc3fdf5e) Importer(815301076,1909f56bfc062723c751e8b465ee728b)  -> (artifact id: '511911c2c26a38750598426e4af50668') in 0.019754 seconds
  Import took 0.022200 seconds .

========================================================================
Received Import Request.
  Time since last request: 19.139411 seconds.
  path: Assets/Prefabs/Rocket.prefab
  artifactKey: Guid(90e2287c684b6fc48b56747cfc3fdf5e) Importer(815301076,1909f56bfc062723c751e8b465ee728b)
Start importing Assets/Prefabs/Rocket.prefab using Guid(90e2287c684b6fc48b56747cfc3fdf5e) Importer(815301076,1909f56bfc062723c751e8b465ee728b)  -> (artifact id: 'be183978bbf0171e61c121e737b4adcf') in 0.015335 seconds
  Import took 0.018059 seconds .

========================================================================
Received Import Request.
  Time since last request: 275.087674 seconds.
  path: Assets/Particles
  artifactKey: Guid(a328398afb47f0941b1652a72fd9919d) Importer(815301076,1909f56bfc062723c751e8b465ee728b)
Start importing Assets/Particles using Guid(a328398afb47f0941b1652a72fd9919d) Importer(815301076,1909f56bfc062723c751e8b465ee728b)  -> (artifact id: 'c1150910b571eaec7343e13f0ee5b5e7') in 0.007937 seconds
  Import took 0.011042 seconds .

========================================================================
Received Import Request.
  Time since last request: 204.674403 seconds.
  path: Assets/Explosion Particles.prefab
  artifactKey: Guid(ab79a37535b979f48b6de56e3a0a5cb0) Importer(815301076,1909f56bfc062723c751e8b465ee728b)
Start importing Assets/Explosion Particles.prefab using Guid(ab79a37535b979f48b6de56e3a0a5cb0) Importer(815301076,1909f56bfc062723c751e8b465ee728b)  -> (artifact id: '8898aaecf6056ae3ca5912fbab044ad4') in 0.012413 seconds
  Import took 0.015043 seconds .

========================================================================
Received Import Request.
  Time since last request: 0.000216 seconds.
  path: Assets/Rocket Jet Particles.prefab
  artifactKey: Guid(a3553fd250eb92d4091bebde350c6739) Importer(815301076,1909f56bfc062723c751e8b465ee728b)
Start importing Assets/Rocket Jet Particles.prefab using Guid(a3553fd250eb92d4091bebde350c6739) Importer(815301076,1909f56bfc062723c751e8b465ee728b)  -> (artifact id: 'a51319366d7d9529b4a1bf2fca9c842e') in 0.008141 seconds
  Import took 0.010471 seconds .

========================================================================
Received Import Request.
  Time since last request: 0.000215 seconds.
  path: Assets/Side Thruster Particles.prefab
  artifactKey: Guid(d4b06ebeeaf0ac044aeed997d98443c2) Importer(815301076,1909f56bfc062723c751e8b465ee728b)
Start importing Assets/Side Thruster Particles.prefab using Guid(d4b06ebeeaf0ac044aeed997d98443c2) Importer(815301076,1909f56bfc062723c751e8b465ee728b)  -> (artifact id: 'b75dec54c3dd41ec0c8f30e0bf853bff') in 0.009484 seconds
  Import took 0.012275 seconds .

========================================================================
Received Import Request.
  Time since last request: 0.000172 seconds.
  path: Assets/Success Particles.prefab
  artifactKey: Guid(62198a3a5dbb64a4f9e1618929224faa) Importer(815301076,1909f56bfc062723c751e8b465ee728b)
Start importing Assets/Success Particles.prefab using Guid(62198a3a5dbb64a4f9e1618929224faa) Importer(815301076,1909f56bfc062723c751e8b465ee728b)  -> (artifact id: '36a1a29314aca380eee112ad5c5aef22') in 0.009585 seconds
  Import took 0.011978 seconds .

========================================================================
Received Import Request.
  Time since last request: 266.018543 seconds.
  path: Assets/Scripts/CollisionHandler.cs
  artifactKey: Guid(e889f66839a7c4544930cff7fe5cc67d) Importer(815301076,1909f56bfc062723c751e8b465ee728b)
Start importing Assets/Scripts/CollisionHandler.cs using Guid(e889f66839a7c4544930cff7fe5cc67d) Importer(815301076,1909f56bfc062723c751e8b465ee728b)  -> (artifact id: '1a58c12425176f43c25651f2b9dbfb9d') in 0.009355 seconds
  Import took 0.011628 seconds .

========================================================================
Received Import Request.
  Time since last request: 0.000466 seconds.
  path: Assets/Scripts/CollisionHandler.cs
  artifactKey: Guid(e889f66839a7c4544930cff7fe5cc67d) Importer(815301076,1909f56bfc062723c751e8b465ee728b)
Start importing Assets/Scripts/CollisionHandler.cs using Guid(e889f66839a7c4544930cff7fe5cc67d) Importer(815301076,1909f56bfc062723c751e8b465ee728b)  -> (artifact id: '1a58c12425176f43c25651f2b9dbfb9d') in 0.002478 seconds
  Import took 0.004549 seconds .

========================================================================
Received Prepare
Registering precompiled user dll's ...
Registered in 0.000832 seconds.
Begin MonoManager ReloadAssembly
Native extension for WindowsStandalone target not found
Native extension for WebGL target not found
Refreshing native plugins compatible for Editor in 0.49 ms, found 0 plugins.
Preloading 0 native plugins for Editor in 0.00 ms.
Mono: successfully reloaded assembly
- Completed reload, in  0.809 seconds
Platform modules already initialized, skipping
Refreshing native plugins compatible for Editor in 0.23 ms, found 0 plugins.
Preloading 0 native plugins for Editor in 0.00 ms.
Unloading 1112 Unused Serialized files (Serialized files now loaded: 0)
System memory in use before: 60.5 MB.
System memory in use after: 60.6 MB.

Unloading 5 unused Assets to reduce memory usage. Loaded Objects now: 1572.
Total: 2.477500 ms (FindLiveObjects: 0.268400 ms CreateObjectMapping: 0.121000 ms MarkObjects: 2.010900 ms  DeleteObjects: 0.076100 ms)

========================================================================
Received Prepare
Registering precompiled user dll's ...
Registered in 0.000948 seconds.
Begin MonoManager ReloadAssembly
Native extension for WindowsStandalone target not found
Native extension for WebGL target not found
Refreshing native plugins compatible for Editor in 0.29 ms, found 0 plugins.
Preloading 0 native plugins for Editor in 0.00 ms.
Mono: successfully reloaded assembly
- Completed reload, in  0.790 seconds
Platform modules already initialized, skipping
Refreshing native plugins compatible for Editor in 0.22 ms, found 0 plugins.
Preloading 0 native plugins for Editor in 0.00 ms.
Unloading 1112 Unused Serialized files (Serialized files now loaded: 0)
System memory in use before: 60.5 MB.
System memory in use after: 60.6 MB.

Unloading 5 unused Assets to reduce memory usage. Loaded Objects now: 1575.
Total: 2.084300 ms (FindLiveObjects: 0.166000 ms CreateObjectMapping: 0.065800 ms MarkObjects: 1.769300 ms  DeleteObjects: 0.081900 ms)

========================================================================
Received Prepare
Registering precompiled user dll's ...
Registered in 0.000823 seconds.
Begin MonoManager ReloadAssembly
Native extension for WindowsStandalone target not found
Native extension for WebGL target not found
Refreshing native plugins compatible for Editor in 0.24 ms, found 0 plugins.
Preloading 0 native plugins for Editor in 0.00 ms.
Mono: successfully reloaded assembly
- Completed reload, in  0.821 seconds
Platform modules already initialized, skipping
Refreshing native plugins compatible for Editor in 0.30 ms, found 0 plugins.
Preloading 0 native plugins for Editor in 0.00 ms.
Unloading 1112 Unused Serialized files (Serialized files now loaded: 0)
System memory in use before: 60.5 MB.
System memory in use after: 60.6 MB.

Unloading 5 unused Assets to reduce memory usage. Loaded Objects now: 1578.
Total: 20.438100 ms (FindLiveObjects: 0.211800 ms CreateObjectMapping: 0.050700 ms MarkObjects: 20.102000 ms  DeleteObjects: 0.072200 ms)

========================================================================
Received Prepare
Registering precompiled user dll's ...
Registered in 0.000771 seconds.
Begin MonoManager ReloadAssembly
Native extension for WindowsStandalone target not found
Native extension for WebGL target not found
Refreshing native plugins compatible for Editor in 0.27 ms, found 0 plugins.
Preloading 0 native plugins for Editor in 0.00 ms.
Mono: successfully reloaded assembly
- Completed reload, in  0.809 seconds
Platform modules already initialized, skipping
Refreshing native plugins compatible for Editor in 1.01 ms, found 0 plugins.
Preloading 0 native plugins for Editor in 0.00 ms.
Unloading 1112 Unused Serialized files (Serialized files now loaded: 0)
System memory in use before: 60.5 MB.
System memory in use after: 60.6 MB.

Unloading 5 unused Assets to reduce memory usage. Loaded Objects now: 1581.
Total: 1.845900 ms (FindLiveObjects: 0.165500 ms CreateObjectMapping: 0.039000 ms MarkObjects: 1.582600 ms  DeleteObjects: 0.057900 ms)

========================================================================
Received Prepare
Registering precompiled user dll's ...
Registered in 0.000942 seconds.
Begin MonoManager ReloadAssembly
Native extension for WindowsStandalone target not found
Native extension for WebGL target not found
Refreshing native plugins compatible for Editor in 0.59 ms, found 0 plugins.
Preloading 0 native plugins for Editor in 0.00 ms.
Mono: successfully reloaded assembly
- Completed reload, in  0.838 seconds
Platform modules already initialized, skipping
Refreshing native plugins compatible for Editor in 0.23 ms, found 0 plugins.
Preloading 0 native plugins for Editor in 0.00 ms.
Unloading 1112 Unused Serialized files (Serialized files now loaded: 0)
System memory in use before: 60.5 MB.
System memory in use after: 60.6 MB.

Unloading 5 unused Assets to reduce memory usage. Loaded Objects now: 1584.
Total: 1.887400 ms (FindLiveObjects: 0.146700 ms CreateObjectMapping: 0.070100 ms MarkObjects: 1.592800 ms  DeleteObjects: 0.076800 ms)

========================================================================
Received Prepare
Registering precompiled user dll's ...
Registered in 0.000834 seconds.
Begin MonoManager ReloadAssembly
Native extension for WindowsStandalone target not found
Native extension for WebGL target not found
Refreshing native plugins compatible for Editor in 0.57 ms, found 0 plugins.
Preloading 0 native plugins for Editor in 0.00 ms.
Mono: successfully reloaded assembly
- Completed reload, in  0.821 seconds
Platform modules already initialized, skipping
Refreshing native plugins compatible for Editor in 0.27 ms, found 0 plugins.
Preloading 0 native plugins for Editor in 0.00 ms.
Unloading 1112 Unused Serialized files (Serialized files now loaded: 0)
System memory in use before: 60.5 MB.
System memory in use after: 60.6 MB.

Unloading 5 unused Assets to reduce memory usage. Loaded Objects now: 1587.
Total: 2.858100 ms (FindLiveObjects: 0.257700 ms CreateObjectMapping: 0.046200 ms MarkObjects: 2.480100 ms  DeleteObjects: 0.072600 ms)

========================================================================
Received Prepare
Registering precompiled user dll's ...
Registered in 0.000655 seconds.
Begin MonoManager ReloadAssembly
Native extension for WindowsStandalone target not found
Native extension for WebGL target not found
Refreshing native plugins compatible for Editor in 0.22 ms, found 0 plugins.
Preloading 0 native plugins for Editor in 0.00 ms.
Mono: successfully reloaded assembly
- Completed reload, in  0.749 seconds
Platform modules already initialized, skipping
Refreshing native plugins compatible for Editor in 0.22 ms, found 0 plugins.
Preloading 0 native plugins for Editor in 0.00 ms.
Unloading 1112 Unused Serialized files (Serialized files now loaded: 0)
System memory in use before: 60.5 MB.
System memory in use after: 60.6 MB.

Unloading 5 unused Assets to reduce memory usage. Loaded Objects now: 1590.
Total: 1.843600 ms (FindLiveObjects: 0.140500 ms CreateObjectMapping: 0.035100 ms MarkObjects: 1.580800 ms  DeleteObjects: 0.086600 ms)

========================================================================
Received Prepare
Registering precompiled user dll's ...
Registered in 0.000906 seconds.
Begin MonoManager ReloadAssembly
Native extension for WindowsStandalone target not found
Native extension for WebGL target not found
Refreshing native plugins compatible for Editor in 0.23 ms, found 0 plugins.
Preloading 0 native plugins for Editor in 0.00 ms.
Mono: successfully reloaded assembly
- Completed reload, in  0.804 seconds
Platform modules already initialized, skipping
Refreshing native plugins compatible for Editor in 0.30 ms, found 0 plugins.
Preloading 0 native plugins for Editor in 0.00 ms.
Unloading 1112 Unused Serialized files (Serialized files now loaded: 0)
System memory in use before: 60.6 MB.
System memory in use after: 60.6 MB.

Unloading 5 unused Assets to reduce memory usage. Loaded Objects now: 1593.
Total: 1.761200 ms (FindLiveObjects: 0.175300 ms CreateObjectMapping: 0.033900 ms MarkObjects: 1.469900 ms  DeleteObjects: 0.081300 ms)

AssetImportWorkerClient::OnTransportError - code=2 error=End of file
