Using pre-set license
Built from '2020.3/staging' branch; Version is '2020.3.9f1 (108be757e447) revision 1084391'; Using compiler version '192528614'; Build Type 'Release'
OS: 'Windows 10 Home; OS build 19041.1052; Version 2004; 64bit' Language: 'en' Physical Memory: 24524 MB
BatchMode: 1, IsHumanControllingUs: 0, StartBugReporterOnCrash: 0, Is64bit: 1, IsPro: 0

 COMMAND LINE ARGUMENTS:
C:\Users\Lasko\Desktop\Unity\2020.3.9f1\Editor\Unity.exe
-adb2
-batchMode
-noUpm
-name
AssetImportWorker0
-projectPath
C:/Users/Lasko/Documents/GitHub/Project-Boost/Project Boost
-logFile
Logs/AssetImportWorker0.log
-srvPort
59430
Successfully changed project path to: C:/Users/Lasko/Documents/GitHub/Project-Boost/Project Boost
C:/Users/Lasko/Documents/GitHub/Project-Boost/Project Boost
Using Asset Import Pipeline V2.
Refreshing native plugins compatible for Editor in 23.43 ms, found 0 plugins.
Preloading 0 native plugins for Editor in 0.00 ms.
Initialize engine version: 2020.3.9f1 (108be757e447)
[Subsystems] Discovering subsystems at path C:/Users/Lasko/Desktop/Unity/2020.3.9f1/Editor/Data/Resources/UnitySubsystems
[Subsystems] Discovering subsystems at path C:/Users/Lasko/Documents/GitHub/Project-Boost/Project Boost/Assets
GfxDevice: creating device client; threaded=0
Direct3D:
    Version:  Direct3D 11.0 [level 11.1]
    Renderer: AMD Radeon (TM) R9 380 Series (ID=0x6939)
    Vendor:   
    VRAM:     4071 MB
    Driver:   27.20.1034.6
Initialize mono
Mono path[0] = 'C:/Users/Lasko/Desktop/Unity/2020.3.9f1/Editor/Data/Managed'
Mono path[1] = 'C:/Users/Lasko/Desktop/Unity/2020.3.9f1/Editor/Data/MonoBleedingEdge/lib/mono/unityjit'
Mono config path = 'C:/Users/Lasko/Desktop/Unity/2020.3.9f1/Editor/Data/MonoBleedingEdge/etc'
Using monoOptions --debugger-agent=transport=dt_socket,embedding=1,server=y,suspend=n,address=127.0.0.1:56140
Begin MonoManager ReloadAssembly
Registering precompiled unity dll's ...
Register platform support module: C:/Users/Lasko/Desktop/Unity/2020.3.9f1/Editor/Data/PlaybackEngines/WebGLSupport/UnityEditor.WebGL.Extensions.dll
Register platform support module: C:/Users/Lasko/Desktop/Unity/2020.3.9f1/Editor/Data/PlaybackEngines/WindowsStandaloneSupport/UnityEditor.WindowsStandalone.Extensions.dll
Registered in 0.003199 seconds.
Native extension for WindowsStandalone target not found
Native extension for WebGL target not found
Refreshing native plugins compatible for Editor in 20.09 ms, found 0 plugins.
Preloading 0 native plugins for Editor in 0.00 ms.
Mono: successfully reloaded assembly
- Completed reload, in  1.172 seconds
Platform modules already initialized, skipping
Registering precompiled user dll's ...
Registered in 0.000705 seconds.
Begin MonoManager ReloadAssembly
Native extension for WindowsStandalone target not found
Native extension for WebGL target not found
Refreshing native plugins compatible for Editor in 0.22 ms, found 0 plugins.
Preloading 0 native plugins for Editor in 0.00 ms.
Mono: successfully reloaded assembly
- Completed reload, in  0.746 seconds
Platform modules already initialized, skipping
========================================================================
Worker process is ready to serve import requests
Launched and connected shader compiler UnityShaderCompiler.exe after 0.04 seconds
Refreshing native plugins compatible for Editor in 0.22 ms, found 0 plugins.
Preloading 0 native plugins for Editor in 0.00 ms.
Unloading 1117 Unused Serialized files (Serialized files now loaded: 0)
System memory in use before: 57.4 MB.
System memory in use after: 57.5 MB.

Unloading 10 unused Assets to reduce memory usage. Loaded Objects now: 1560.
Total: 1.759700 ms (FindLiveObjects: 0.151400 ms CreateObjectMapping: 0.062200 ms MarkObjects: 1.448500 ms  DeleteObjects: 0.096900 ms)

========================================================================
Received Import Request.
  path: Assets/Material/Skybox.mat
  artifactKey: Guid(bac9012ed734c184d9401c06f31e8c12) Importer(815301076,1909f56bfc062723c751e8b465ee728b)
Start importing Assets/Material/Skybox.mat using Guid(bac9012ed734c184d9401c06f31e8c12) Importer(815301076,1909f56bfc062723c751e8b465ee728b)  -> (artifact id: '3f209b1d29311017511cbfc419c9fa22') in 0.126571 seconds
  Import took 0.128675 seconds .

========================================================================
Received Prepare
Registering precompiled user dll's ...
Registered in 0.001226 seconds.
Begin MonoManager ReloadAssembly
Native extension for WindowsStandalone target not found
Native extension for WebGL target not found
Refreshing native plugins compatible for Editor in 0.23 ms, found 0 plugins.
Preloading 0 native plugins for Editor in 0.00 ms.
Mono: successfully reloaded assembly
- Completed reload, in  0.762 seconds
Platform modules already initialized, skipping
Refreshing native plugins compatible for Editor in 0.25 ms, found 0 plugins.
Preloading 0 native plugins for Editor in 0.00 ms.
Unloading 1112 Unused Serialized files (Serialized files now loaded: 0)
System memory in use before: 60.7 MB.
System memory in use after: 60.7 MB.

Unloading 5 unused Assets to reduce memory usage. Loaded Objects now: 1603.
Total: 2.062800 ms (FindLiveObjects: 0.155600 ms CreateObjectMapping: 0.067100 ms MarkObjects: 1.767100 ms  DeleteObjects: 0.072100 ms)

========================================================================
Received Import Request.
  Time since last request: 141.815302 seconds.
  path: Assets/Prefabs/Rocket.prefab
  artifactKey: Guid(90e2287c684b6fc48b56747cfc3fdf5e) Importer(815301076,1909f56bfc062723c751e8b465ee728b)
Start importing Assets/Prefabs/Rocket.prefab using Guid(90e2287c684b6fc48b56747cfc3fdf5e) Importer(815301076,1909f56bfc062723c751e8b465ee728b)  -> (artifact id: '8259b071fea69b366c4e300615cd7b85') in 0.084437 seconds
  Import took 0.087129 seconds .

========================================================================
Received Prepare
Registering precompiled user dll's ...
Registered in 0.000876 seconds.
Begin MonoManager ReloadAssembly
Native extension for WindowsStandalone target not found
Native extension for WebGL target not found
Refreshing native plugins compatible for Editor in 0.23 ms, found 0 plugins.
Preloading 0 native plugins for Editor in 0.00 ms.
Mono: successfully reloaded assembly
- Completed reload, in  0.745 seconds
Platform modules already initialized, skipping
Refreshing native plugins compatible for Editor in 0.21 ms, found 0 plugins.
Preloading 0 native plugins for Editor in 0.00 ms.
Unloading 1112 Unused Serialized files (Serialized files now loaded: 0)
System memory in use before: 60.8 MB.
System memory in use after: 60.9 MB.

Unloading 5 unused Assets to reduce memory usage. Loaded Objects now: 1610.
Total: 1.844400 ms (FindLiveObjects: 0.137000 ms CreateObjectMapping: 0.034500 ms MarkObjects: 1.585200 ms  DeleteObjects: 0.086600 ms)

========================================================================
Received Import Request.
  Time since last request: 1321.857593 seconds.
  path: Assets/Material/Columns.mat
  artifactKey: Guid(b76127a0a4ad2144f9be2ab661408f88) Importer(815301076,1909f56bfc062723c751e8b465ee728b)
Start importing Assets/Material/Columns.mat using Guid(b76127a0a4ad2144f9be2ab661408f88) Importer(815301076,1909f56bfc062723c751e8b465ee728b)  -> (artifact id: '405dd84e34f0bacbdf4c72a2b86ea1ea') in 0.063933 seconds
  Import took 0.066097 seconds .

========================================================================
Received Import Request.
  Time since last request: 64.122672 seconds.
  path: Assets/Material/Column 2.mat
  artifactKey: Guid(da88f05fdd267b14281cfbfacf84cad3) Importer(815301076,1909f56bfc062723c751e8b465ee728b)
Start importing Assets/Material/Column 2.mat using Guid(da88f05fdd267b14281cfbfacf84cad3) Importer(815301076,1909f56bfc062723c751e8b465ee728b)  -> (artifact id: '11287288e63313ee666a2709ce1c2524') in 0.020660 seconds
  Import took 0.022838 seconds .

========================================================================
Received Import Request.
  Time since last request: 96.038659 seconds.
  path: Assets/Material/Column 2.mat
  artifactKey: Guid(da88f05fdd267b14281cfbfacf84cad3) Importer(815301076,1909f56bfc062723c751e8b465ee728b)
Start importing Assets/Material/Column 2.mat using Guid(da88f05fdd267b14281cfbfacf84cad3) Importer(815301076,1909f56bfc062723c751e8b465ee728b)  -> (artifact id: '5c7127c6b140cdebc2a921e7c0deb510') in 0.014436 seconds
  Import took 0.016634 seconds .

========================================================================
Received Import Request.
  Time since last request: 0.000201 seconds.
  path: Assets/Material/Skybox.mat
  artifactKey: Guid(bac9012ed734c184d9401c06f31e8c12) Importer(815301076,1909f56bfc062723c751e8b465ee728b)
Start importing Assets/Material/Skybox.mat using Guid(bac9012ed734c184d9401c06f31e8c12) Importer(815301076,1909f56bfc062723c751e8b465ee728b)  -> (artifact id: '20fb02bca385b635b6863f7ffff0042f') in 0.014533 seconds
  Import took 0.016711 seconds .

========================================================================
Received Import Request.
  Time since last request: 0.000248 seconds.
  path: Assets/Material/Columns.mat
  artifactKey: Guid(b76127a0a4ad2144f9be2ab661408f88) Importer(815301076,1909f56bfc062723c751e8b465ee728b)
Start importing Assets/Material/Columns.mat using Guid(b76127a0a4ad2144f9be2ab661408f88) Importer(815301076,1909f56bfc062723c751e8b465ee728b)  -> (artifact id: 'd32e2a70b76af1205d4e4254a4519235') in 0.014137 seconds
  Import took 0.016320 seconds .

========================================================================
Received Import Request.
  Time since last request: 0.000274 seconds.
  path: Assets/Material/Ground.mat
  artifactKey: Guid(6d6dab0e9f84f184b92ad741c9cfeab3) Importer(815301076,1909f56bfc062723c751e8b465ee728b)
Start importing Assets/Material/Ground.mat using Guid(6d6dab0e9f84f184b92ad741c9cfeab3) Importer(815301076,1909f56bfc062723c751e8b465ee728b)  -> (artifact id: 'ef6e686db3906c4141758fa3c88c3a32') in 0.014507 seconds
  Import took 0.016562 seconds .

========================================================================
Received Import Request.
  Time since last request: 65.591063 seconds.
  path: Assets/Material/Column 1.mat
  artifactKey: Guid(b76127a0a4ad2144f9be2ab661408f88) Importer(815301076,1909f56bfc062723c751e8b465ee728b)
Start importing Assets/Material/Column 1.mat using Guid(b76127a0a4ad2144f9be2ab661408f88) Importer(815301076,1909f56bfc062723c751e8b465ee728b)  -> (artifact id: '72425676426a5ef211f39d7ac6698398') in 0.017746 seconds
  Import took 0.020509 seconds .

========================================================================
Received Import Request.
  Time since last request: 7.593590 seconds.
  path: Assets/Material/Column 3.mat
  artifactKey: Guid(08d3f24dc83f194409b5628fba6f5876) Importer(815301076,1909f56bfc062723c751e8b465ee728b)
Start importing Assets/Material/Column 3.mat using Guid(08d3f24dc83f194409b5628fba6f5876) Importer(815301076,1909f56bfc062723c751e8b465ee728b)  -> (artifact id: '386449ce1ab9d1089829390c36f473ec') in 0.013838 seconds
  Import took 0.015941 seconds .

========================================================================
Received Prepare
Registering precompiled user dll's ...
Registered in 0.001398 seconds.
Begin MonoManager ReloadAssembly
Native extension for WindowsStandalone target not found
Native extension for WebGL target not found
Refreshing native plugins compatible for Editor in 0.23 ms, found 0 plugins.
Preloading 0 native plugins for Editor in 0.00 ms.
Mono: successfully reloaded assembly
- Completed reload, in  0.745 seconds
Platform modules already initialized, skipping
Refreshing native plugins compatible for Editor in 0.22 ms, found 0 plugins.
Preloading 0 native plugins for Editor in 0.00 ms.
Unloading 1112 Unused Serialized files (Serialized files now loaded: 0)
System memory in use before: 60.8 MB.
System memory in use after: 60.9 MB.

Unloading 5 unused Assets to reduce memory usage. Loaded Objects now: 1614.
Total: 2.253400 ms (FindLiveObjects: 0.140100 ms CreateObjectMapping: 0.057800 ms MarkObjects: 1.968500 ms  DeleteObjects: 0.086200 ms)

========================================================================
Received Prepare
Registering precompiled user dll's ...
Registered in 0.000839 seconds.
Begin MonoManager ReloadAssembly
Native extension for WindowsStandalone target not found
Native extension for WebGL target not found
Refreshing native plugins compatible for Editor in 0.24 ms, found 0 plugins.
Preloading 0 native plugins for Editor in 0.00 ms.
Mono: successfully reloaded assembly
- Completed reload, in  0.964 seconds
Platform modules already initialized, skipping
Refreshing native plugins compatible for Editor in 0.26 ms, found 0 plugins.
Preloading 0 native plugins for Editor in 0.00 ms.
Unloading 1112 Unused Serialized files (Serialized files now loaded: 0)
System memory in use before: 60.8 MB.
System memory in use after: 60.9 MB.

Unloading 5 unused Assets to reduce memory usage. Loaded Objects now: 1617.
Total: 2.311200 ms (FindLiveObjects: 0.195800 ms CreateObjectMapping: 0.077100 ms MarkObjects: 1.982800 ms  DeleteObjects: 0.054300 ms)

========================================================================
Received Import Request.
  Time since last request: 1576.246625 seconds.
  path: Assets/Material/Column 3.mat
  artifactKey: Guid(08d3f24dc83f194409b5628fba6f5876) Importer(815301076,1909f56bfc062723c751e8b465ee728b)
Start importing Assets/Material/Column 3.mat using Guid(08d3f24dc83f194409b5628fba6f5876) Importer(815301076,1909f56bfc062723c751e8b465ee728b)  -> (artifact id: '09f0ea167844da52ca4aa43ed98f747f') in 0.062341 seconds
  Import took 0.065077 seconds .

========================================================================
Received Import Request.
  Time since last request: 0.000213 seconds.
  path: Assets/Material/Skybox.mat
  artifactKey: Guid(bac9012ed734c184d9401c06f31e8c12) Importer(815301076,1909f56bfc062723c751e8b465ee728b)
Start importing Assets/Material/Skybox.mat using Guid(bac9012ed734c184d9401c06f31e8c12) Importer(815301076,1909f56bfc062723c751e8b465ee728b)  -> (artifact id: 'b57a060ec648078461e092a442ec12b1') in 0.007880 seconds
  Import took 0.010081 seconds .

AssetImportWorkerClient::OnTransportError - code=2 error=End of file
